This is pdfTeX, Version 3.1415926-1.40.11 (MiKTeX 2.9) (preloaded format=pdflatex 2018.11.17)  17 NOV 2018 13:26
entering extended mode
**Informe.tex
(D:\InformeLaboratorioNro5_BDII\Informe.tex
LaTeX2e <2009/09/24>
Babel <v3.8l> and hyphenation patterns for english, afrikaans, ancientgreek, ar
abic, armenian, assamese, basque, bengali, bokmal, bulgarian, catalan, coptic, 
croatian, czech, danish, dutch, esperanto, estonian, farsi, finnish, french, ga
lician, german, german-x-2009-06-19, greek, gujarati, hindi, hungarian, iceland
ic, indonesian, interlingua, irish, italian, kannada, kurmanji, lao, latin, lat
vian, lithuanian, malayalam, marathi, mongolian, mongolianlmc, monogreek, ngerm
an, ngerman-x-2009-06-19, nynorsk, oriya, panjabi, pinyin, polish, portuguese, 
romanian, russian, sanskrit, serbian, slovak, slovenian, spanish, swedish, swis
sgerman, tamil, telugu, turkish, turkmen, ukenglish, ukrainian, uppersorbian, u
senglishmax, welsh, loaded.
("C:\Program Files (x86)\MiKTeX 2.9\tex\latex\base\article.cls"
Document Class: article 2007/10/19 v1.4h Standard LaTeX document class
("C:\Program Files (x86)\MiKTeX 2.9\tex\latex\base\size12.clo"
File: size12.clo 2007/10/19 v1.4h Standard LaTeX file (size option)
)
\c@part=\count79
\c@section=\count80
\c@subsection=\count81
\c@subsubsection=\count82
\c@paragraph=\count83
\c@subparagraph=\count84
\c@figure=\count85
\c@table=\count86
\abovecaptionskip=\skip41
\belowcaptionskip=\skip42
\bibindent=\dimen102
)
("C:\Program Files (x86)\MiKTeX 2.9\tex\latex\base\inputenc.sty"
Package: inputenc 2008/03/30 v1.1d Input encoding file
\inpenc@prehook=\toks14
\inpenc@posthook=\toks15

("C:\Program Files (x86)\MiKTeX 2.9\tex\latex\base\utf8.def"
File: utf8.def 2008/04/05 v1.1m UTF-8 support for inputenc
Now handling font encoding OML ...
... no UTF-8 mapping file for font encoding OML
Now handling font encoding T1 ...
... processing UTF-8 mapping file for font encoding T1

("C:\Program Files (x86)\MiKTeX 2.9\tex\latex\base\t1enc.dfu"
File: t1enc.dfu 2008/04/05 v1.1m UTF-8 support for inputenc
   defining Unicode char U+00A1 (decimal 161)
   defining Unicode char U+00A3 (decimal 163)
   defining Unicode char U+00AB (decimal 171)
   defining Unicode char U+00BB (decimal 187)
   defining Unicode char U+00BF (decimal 191)
   defining Unicode char U+00C0 (decimal 192)
   defining Unicode char U+00C1 (decimal 193)
   defining Unicode char U+00C2 (decimal 194)
   defining Unicode char U+00C3 (decimal 195)
   defining Unicode char U+00C4 (decimal 196)
   defining Unicode char U+00C5 (decimal 197)
   defining Unicode char U+00C6 (decimal 198)
   defining Unicode char U+00C7 (decimal 199)
   defining Unicode char U+00C8 (decimal 200)
   defining Unicode char U+00C9 (decimal 201)
   defining Unicode char U+00CA (decimal 202)
   defining Unicode char U+00CB (decimal 203)
   defining Unicode char U+00CC (decimal 204)
   defining Unicode char U+00CD (decimal 205)
   defining Unicode char U+00CE (decimal 206)
   defining Unicode char U+00CF (decimal 207)
   defining Unicode char U+00D0 (decimal 208)
   defining Unicode char U+00D1 (decimal 209)
   defining Unicode char U+00D2 (decimal 210)
   defining Unicode char U+00D3 (decimal 211)
   defining Unicode char U+00D4 (decimal 212)
   defining Unicode char U+00D5 (decimal 213)
   defining Unicode char U+00D6 (decimal 214)
   defining Unicode char U+00D8 (decimal 216)
   defining Unicode char U+00D9 (decimal 217)
   defining Unicode char U+00DA (decimal 218)
   defining Unicode char U+00DB (decimal 219)
   defining Unicode char U+00DC (decimal 220)
   defining Unicode char U+00DD (decimal 221)
   defining Unicode char U+00DE (decimal 222)
   defining Unicode char U+00DF (decimal 223)
   defining Unicode char U+00E0 (decimal 224)
   defining Unicode char U+00E1 (decimal 225)
   defining Unicode char U+00E2 (decimal 226)
   defining Unicode char U+00E3 (decimal 227)
   defining Unicode char U+00E4 (decimal 228)
   defining Unicode char U+00E5 (decimal 229)
   defining Unicode char U+00E6 (decimal 230)
   defining Unicode char U+00E7 (decimal 231)
   defining Unicode char U+00E8 (decimal 232)
   defining Unicode char U+00E9 (decimal 233)
   defining Unicode char U+00EA (decimal 234)
   defining Unicode char U+00EB (decimal 235)
   defining Unicode char U+00EC (decimal 236)
   defining Unicode char U+00ED (decimal 237)
   defining Unicode char U+00EE (decimal 238)
   defining Unicode char U+00EF (decimal 239)
   defining Unicode char U+00F0 (decimal 240)
   defining Unicode char U+00F1 (decimal 241)
   defining Unicode char U+00F2 (decimal 242)
   defining Unicode char U+00F3 (decimal 243)
   defining Unicode char U+00F4 (decimal 244)
   defining Unicode char U+00F5 (decimal 245)
   defining Unicode char U+00F6 (decimal 246)
   defining Unicode char U+00F8 (decimal 248)
   defining Unicode char U+00F9 (decimal 249)
   defining Unicode char U+00FA (decimal 250)
   defining Unicode char U+00FB (decimal 251)
   defining Unicode char U+00FC (decimal 252)
   defining Unicode char U+00FD (decimal 253)
   defining Unicode char U+00FE (decimal 254)
   defining Unicode char U+00FF (decimal 255)
   defining Unicode char U+0102 (decimal 258)
   defining Unicode char U+0103 (decimal 259)
   defining Unicode char U+0104 (decimal 260)
   defining Unicode char U+0105 (decimal 261)
   defining Unicode char U+0106 (decimal 262)
   defining Unicode char U+0107 (decimal 263)
   defining Unicode char U+010C (decimal 268)
   defining Unicode char U+010D (decimal 269)
   defining Unicode char U+010E (decimal 270)
   defining Unicode char U+010F (decimal 271)
   defining Unicode char U+0110 (decimal 272)
   defining Unicode char U+0111 (decimal 273)
   defining Unicode char U+0118 (decimal 280)
   defining Unicode char U+0119 (decimal 281)
   defining Unicode char U+011A (decimal 282)
   defining Unicode char U+011B (decimal 283)
   defining Unicode char U+011E (decimal 286)
   defining Unicode char U+011F (decimal 287)
   defining Unicode char U+0130 (decimal 304)
   defining Unicode char U+0131 (decimal 305)
   defining Unicode char U+0132 (decimal 306)
   defining Unicode char U+0133 (decimal 307)
   defining Unicode char U+0139 (decimal 313)
   defining Unicode char U+013A (decimal 314)
   defining Unicode char U+013D (decimal 317)
   defining Unicode char U+013E (decimal 318)
   defining Unicode char U+0141 (decimal 321)
   defining Unicode char U+0142 (decimal 322)
   defining Unicode char U+0143 (decimal 323)
   defining Unicode char U+0144 (decimal 324)
   defining Unicode char U+0147 (decimal 327)
   defining Unicode char U+0148 (decimal 328)
   defining Unicode char U+014A (decimal 330)
   defining Unicode char U+014B (decimal 331)
   defining Unicode char U+0150 (decimal 336)
   defining Unicode char U+0151 (decimal 337)
   defining Unicode char U+0152 (decimal 338)
   defining Unicode char U+0153 (decimal 339)
   defining Unicode char U+0154 (decimal 340)
   defining Unicode char U+0155 (decimal 341)
   defining Unicode char U+0158 (decimal 344)
   defining Unicode char U+0159 (decimal 345)
   defining Unicode char U+015A (decimal 346)
   defining Unicode char U+015B (decimal 347)
   defining Unicode char U+015E (decimal 350)
   defining Unicode char U+015F (decimal 351)
   defining Unicode char U+0160 (decimal 352)
   defining Unicode char U+0161 (decimal 353)
   defining Unicode char U+0162 (decimal 354)
   defining Unicode char U+0163 (decimal 355)
   defining Unicode char U+0164 (decimal 356)
   defining Unicode char U+0165 (decimal 357)
   defining Unicode char U+016E (decimal 366)
   defining Unicode char U+016F (decimal 367)
   defining Unicode char U+0170 (decimal 368)
   defining Unicode char U+0171 (decimal 369)
   defining Unicode char U+0178 (decimal 376)
   defining Unicode char U+0179 (decimal 377)
   defining Unicode char U+017A (decimal 378)
   defining Unicode char U+017B (decimal 379)
   defining Unicode char U+017C (decimal 380)
   defining Unicode char U+017D (decimal 381)
   defining Unicode char U+017E (decimal 382)
   defining Unicode char U+200C (decimal 8204)
   defining Unicode char U+2013 (decimal 8211)
   defining Unicode char U+2014 (decimal 8212)
   defining Unicode char U+2018 (decimal 8216)
   defining Unicode char U+2019 (decimal 8217)
   defining Unicode char U+201A (decimal 8218)
   defining Unicode char U+201C (decimal 8220)
   defining Unicode char U+201D (decimal 8221)
   defining Unicode char U+201E (decimal 8222)
   defining Unicode char U+2030 (decimal 8240)
   defining Unicode char U+2031 (decimal 8241)
   defining Unicode char U+2039 (decimal 8249)
   defining Unicode char U+203A (decimal 8250)
   defining Unicode char U+2423 (decimal 9251)
)
Now handling font encoding OT1 ...
... processing UTF-8 mapping file for font encoding OT1

("C:\Program Files (x86)\MiKTeX 2.9\tex\latex\base\ot1enc.dfu"
File: ot1enc.dfu 2008/04/05 v1.1m UTF-8 support for inputenc
   defining Unicode char U+00A1 (decimal 161)
   defining Unicode char U+00A3 (decimal 163)
   defining Unicode char U+00B8 (decimal 184)
   defining Unicode char U+00BF (decimal 191)
   defining Unicode char U+00C5 (decimal 197)
   defining Unicode char U+00C6 (decimal 198)
   defining Unicode char U+00D8 (decimal 216)
   defining Unicode char U+00DF (decimal 223)
   defining Unicode char U+00E6 (decimal 230)
   defining Unicode char U+00EC (decimal 236)
   defining Unicode char U+00ED (decimal 237)
   defining Unicode char U+00EE (decimal 238)
   defining Unicode char U+00EF (decimal 239)
   defining Unicode char U+00F8 (decimal 248)
   defining Unicode char U+0131 (decimal 305)
   defining Unicode char U+0141 (decimal 321)
   defining Unicode char U+0142 (decimal 322)
   defining Unicode char U+0152 (decimal 338)
   defining Unicode char U+0153 (decimal 339)
   defining Unicode char U+2013 (decimal 8211)
   defining Unicode char U+2014 (decimal 8212)
   defining Unicode char U+2018 (decimal 8216)
   defining Unicode char U+2019 (decimal 8217)
   defining Unicode char U+201C (decimal 8220)
   defining Unicode char U+201D (decimal 8221)
)
Now handling font encoding OMS ...
... processing UTF-8 mapping file for font encoding OMS

("C:\Program Files (x86)\MiKTeX 2.9\tex\latex\base\omsenc.dfu"
File: omsenc.dfu 2008/04/05 v1.1m UTF-8 support for inputenc
   defining Unicode char U+00A7 (decimal 167)
   defining Unicode char U+00B6 (decimal 182)
   defining Unicode char U+00B7 (decimal 183)
   defining Unicode char U+2020 (decimal 8224)
   defining Unicode char U+2021 (decimal 8225)
   defining Unicode char U+2022 (decimal 8226)
)
Now handling font encoding OMX ...
... no UTF-8 mapping file for font encoding OMX
Now handling font encoding U ...
... no UTF-8 mapping file for font encoding U
   defining Unicode char U+00A9 (decimal 169)
   defining Unicode char U+00AA (decimal 170)
   defining Unicode char U+00AE (decimal 174)
   defining Unicode char U+00BA (decimal 186)
   defining Unicode char U+02C6 (decimal 710)
   defining Unicode char U+02DC (decimal 732)
   defining Unicode char U+200C (decimal 8204)
   defining Unicode char U+2026 (decimal 8230)
   defining Unicode char U+2122 (decimal 8482)
   defining Unicode char U+2423 (decimal 9251)
))
("C:\Program Files (x86)\MiKTeX 2.9\tex\generic\babel\babel.sty"
Package: babel 2008/07/06 v3.8l The Babel package

*************************************
* Local config file bblopts.cfg used
*
("C:\Program Files (x86)\MiKTeX 2.9\tex\latex\00miktex\bblopts.cfg"
File: bblopts.cfg 2006/07/31 v1.0 MiKTeX 'babel' configuration
)
("C:\Program Files (x86)\MiKTeX 2.9\tex\generic\babel\spanish.ldf"
Language: spanish.ldf 2009/01/02 v5.0h Spanish support from the babel system

("C:\Program Files (x86)\MiKTeX 2.9\tex\generic\babel\babel.def"
File: babel.def 2008/07/06 v3.8l Babel common definitions
\babel@savecnt=\count87
\U@D=\dimen103
)
\es@datefmt=\count88
\es@quottoks=\toks16
\es@quotdepth=\count89
Package babel Info: Making " an active character on input line 492.
Package babel Info: Making . an active character on input line 585.
Package babel Info: Making < an active character on input line 630.
Package babel Info: Making > an active character on input line 630.
))
("C:\Program Files (x86)\MiKTeX 2.9\tex\latex\graphics\graphicx.sty"
Package: graphicx 1999/02/16 v1.0f Enhanced LaTeX Graphics (DPC,SPQR)

("C:\Program Files (x86)\MiKTeX 2.9\tex\latex\graphics\keyval.sty"
Package: keyval 1999/03/16 v1.13 key=value parser (DPC)
\KV@toks@=\toks17
)
("C:\Program Files (x86)\MiKTeX 2.9\tex\latex\graphics\graphics.sty"
Package: graphics 2009/02/05 v1.0o Standard LaTeX Graphics (DPC,SPQR)

("C:\Program Files (x86)\MiKTeX 2.9\tex\latex\graphics\trig.sty"
Package: trig 1999/03/16 v1.09 sin cos tan (DPC)
)
("C:\Program Files (x86)\MiKTeX 2.9\tex\latex\00miktex\graphics.cfg"
File: graphics.cfg 2007/01/18 v1.5 graphics configuration of teTeX/TeXLive
)
Package graphics Info: Driver file: pdftex.def on input line 91.

("C:\Program Files (x86)\MiKTeX 2.9\tex\latex\pdftex-def\pdftex.def"
File: pdftex.def 2010/09/14 v0.05b Graphics/color for pdfTeX
\Gread@gobject=\count90
))
\Gin@req@height=\dimen104
\Gin@req@width=\dimen105
)
("C:\Program Files (x86)\MiKTeX 2.9\tex\latex\geometry\geometry.sty"
Package: geometry 2010/09/12 v5.6 Page Geometry

("C:\Program Files (x86)\MiKTeX 2.9\tex\generic\oberdiek\ifpdf.sty"
Package: ifpdf 2010/01/28 v2.1 Provides the ifpdf switch (HO)
Package ifpdf Info: pdfTeX in pdf mode detected.
)
("C:\Program Files (x86)\MiKTeX 2.9\tex\generic\oberdiek\ifvtex.sty"
Package: ifvtex 2010/03/01 v1.5 Switches for detecting VTeX and its modes (HO)
Package ifvtex Info: VTeX not detected.
)
("C:\Program Files (x86)\MiKTeX 2.9\tex\generic\ifxetex\ifxetex.sty"
Package: ifxetex 2010/09/12 v0.6 Provides ifxetex conditional
)
\Gm@cnth=\count91
\Gm@cntv=\count92
\c@Gm@tempcnt=\count93
\Gm@bindingoffset=\dimen106
\Gm@wd@mp=\dimen107
\Gm@odd@mp=\dimen108
\Gm@even@mp=\dimen109
\Gm@layoutwidth=\dimen110
\Gm@layoutheight=\dimen111
\Gm@layouthoffset=\dimen112
\Gm@layoutvoffset=\dimen113
\Gm@dimlist=\toks18

("C:\Program Files (x86)\MiKTeX 2.9\tex\latex\geometry\geometry.cfg"))
("C:\Program Files (x86)\MiKTeX 2.9\tex\latex\float\float.sty"
Package: float 2001/11/08 v1.3d Float enhancements (AL)
\c@float@type=\count94
\float@exts=\toks19
\float@box=\box26
\@float@everytoks=\toks20
\@floatcapt=\box27
)
("C:\Program Files (x86)\MiKTeX 2.9\tex\latex\ams\math\amsmath.sty"
Package: amsmath 2000/07/18 v2.13 AMS math features
\@mathmargin=\skip43

For additional information on amsmath, use the `?' option.
("C:\Program Files (x86)\MiKTeX 2.9\tex\latex\ams\math\amstext.sty"
Package: amstext 2000/06/29 v2.01

("C:\Program Files (x86)\MiKTeX 2.9\tex\latex\ams\math\amsgen.sty"
File: amsgen.sty 1999/11/30 v2.0
\@emptytoks=\toks21
\ex@=\dimen114
))
("C:\Program Files (x86)\MiKTeX 2.9\tex\latex\ams\math\amsbsy.sty"
Package: amsbsy 1999/11/29 v1.2d
\pmbraise@=\dimen115
)
("C:\Program Files (x86)\MiKTeX 2.9\tex\latex\ams\math\amsopn.sty"
Package: amsopn 1999/12/14 v2.01 operator names
)
\inf@bad=\count95
LaTeX Info: Redefining \frac on input line 211.
\uproot@=\count96
\leftroot@=\count97
LaTeX Info: Redefining \overline on input line 307.
\classnum@=\count98
\DOTSCASE@=\count99
LaTeX Info: Redefining \ldots on input line 379.
LaTeX Info: Redefining \dots on input line 382.
LaTeX Info: Redefining \cdots on input line 467.
\Mathstrutbox@=\box28
\strutbox@=\box29
\big@size=\dimen116
LaTeX Font Info:    Redeclaring font encoding OML on input line 567.
LaTeX Font Info:    Redeclaring font encoding OMS on input line 568.
\macc@depth=\count100
\c@MaxMatrixCols=\count101
\dotsspace@=\muskip10
\c@parentequation=\count102
\dspbrk@lvl=\count103
\tag@help=\toks22
\row@=\count104
\column@=\count105
\maxfields@=\count106
\andhelp@=\toks23
\eqnshift@=\dimen117
\alignsep@=\dimen118
\tagshift@=\dimen119
\tagwidth@=\dimen120
\totwidth@=\dimen121
\lineht@=\dimen122
\@envbody=\toks24
\multlinegap=\skip44
\multlinetaggap=\skip45
\mathdisplay@stack=\toks25
LaTeX Info: Redefining \[ on input line 2666.
LaTeX Info: Redefining \] on input line 2667.
)
("C:\Program Files (x86)\MiKTeX 2.9\tex\latex\oberdiek\stackrel.sty"
Package: stackrel 2007/11/11 v1.2 Adding subscript option to stackrel (HO)

("C:\Program Files (x86)\MiKTeX 2.9\tex\generic\oberdiek\etexcmds.sty"
Package: etexcmds 2010/01/28 v1.3 Prefix for e-TeX command names (HO)

("C:\Program Files (x86)\MiKTeX 2.9\tex\generic\oberdiek\infwarerr.sty"
Package: infwarerr 2010/04/08 v1.3 Providing info/warning/message (HO)
)
Package etexcmds Info: Could not find \expanded.
(etexcmds)             That can mean that you are not using pdfTeX 1.50 or
(etexcmds)             that some package has redefined \expanded.
(etexcmds)             In the latter case, load this package earlier.
)
("C:\Program Files (x86)\MiKTeX 2.9\tex\generic\oberdiek\pdftexcmds.sty"
Package: pdftexcmds 2010/04/01 v0.9 Utility functions of pdfTeX for LuaTeX (HO)


("C:\Program Files (x86)\MiKTeX 2.9\tex\generic\oberdiek\ifluatex.sty"
Package: ifluatex 2010/03/01 v1.3 Provides the ifluatex switch (HO)
Package ifluatex Info: LuaTeX not detected.
)
("C:\Program Files (x86)\MiKTeX 2.9\tex\generic\oberdiek\ltxcmds.sty"
Package: ltxcmds 2010/04/26 v1.7 LaTeX kernel commands for general use (HO)
)
Package pdftexcmds Info: LuaTeX not detected.
Package pdftexcmds Info: \pdf@primitive is available.
Package pdftexcmds Info: \pdf@ifprimitive is available.
))
("C:\Program Files (x86)\MiKTeX 2.9\tex\latex\multirow\multirow.sty"
\bigstrutjot=\dimen123
)
("C:\Program Files (x86)\MiKTeX 2.9\tex\latex\tools\enumerate.sty"
Package: enumerate 1999/03/05 v3.00 enumerate extensions (DPC)
\@enLab=\toks26
)
(D:\InformeLaboratorioNro5_BDII\Informe.aux
(D:\InformeLaboratorioNro5_BDII\Secciones/Actividad01.aux)
(D:\InformeLaboratorioNro5_BDII\Secciones/Actividad02.aux)
(D:\InformeLaboratorioNro5_BDII\Secciones/Actividad03.aux)
(D:\InformeLaboratorioNro5_BDII\Secciones/Actividad04.aux)
(D:\InformeLaboratorioNro5_BDII\Secciones/Actividad05.aux))
LaTeX Font Info:    Checking defaults for OML/cmm/m/it on input line 18.
LaTeX Font Info:    ... okay on input line 18.
LaTeX Font Info:    Checking defaults for T1/cmr/m/n on input line 18.
LaTeX Font Info:    ... okay on input line 18.
LaTeX Font Info:    Checking defaults for OT1/cmr/m/n on input line 18.
LaTeX Font Info:    ... okay on input line 18.
LaTeX Font Info:    Checking defaults for OMS/cmsy/m/n on input line 18.
LaTeX Font Info:    ... okay on input line 18.
LaTeX Font Info:    Checking defaults for OMX/cmex/m/n on input line 18.
LaTeX Font Info:    ... okay on input line 18.
LaTeX Font Info:    Checking defaults for U/cmr/m/n on input line 18.
LaTeX Font Info:    ... okay on input line 18.

*geometry* driver: auto-detecting
*geometry* detected driver: pdftex
*geometry* verbose mode - [ preamble ] result:
* driver: pdftex
* paper: letterpaper
* layout: <same size as paper>
* layoutoffset:(h,v)=(0.0pt,0.0pt)
* modes: 
* h-part:(L,W,R)=(56.9055pt, 500.484pt, 56.9055pt)
* v-part:(T,H,B)=(56.9055pt, 681.15898pt, 56.9055pt)
* \paperwidth=614.295pt
* \paperheight=794.96999pt
* \textwidth=500.484pt
* \textheight=681.15898pt
* \oddsidemargin=-15.36449pt
* \evensidemargin=-15.36449pt
* \topmargin=-52.36449pt
* \headheight=12.0pt
* \headsep=25.0pt
* \topskip=12.0pt
* \footskip=30.0pt
* \marginparwidth=44.0pt
* \marginparsep=10.0pt
* \columnsep=10.0pt
* \skip\footins=10.8pt plus 4.0pt minus 2.0pt
* \hoffset=0.0pt
* \voffset=0.0pt
* \mag=1000
* \@twocolumnfalse
* \@twosidefalse
* \@mparswitchfalse
* \@reversemarginfalse
* (1in=72.27pt=25.4mm, 1cm=28.453pt)

<./Imagenes/logo.png, id=1, 250.9375pt x 312.16624pt>
File: ./Imagenes/logo.png Graphic file (type png)

<use ./Imagenes/logo.png> [1

{C:/ProgramData/MiKTeX/2.9/pdftex/config/pdftex.map} <D:/InformeLaboratorioNro5
_BDII/Imagenes/logo.png>]
(D:\InformeLaboratorioNro5_BDII\Informe.toc)
\tf@toc=\write3
 [1]
(D:\InformeLaboratorioNro5_BDII\Secciones/Actividad01.tex
<./Imagenes/1.png, id=13, 602.25pt x 202.50656pt>
File: ./Imagenes/1.png Graphic file (type png)
 <use ./Imagenes/1.png>
<./Imagenes/2.png, id=14, 517.18219pt x 247.67531pt>
File: ./Imagenes/2.png Graphic file (type png)
 <use ./Imagenes/2.png>
<./Imagenes/3.png, id=15, 560.0925pt x 310.91156pt>
File: ./Imagenes/3.png Graphic file (type png)
 <use ./Imagenes/3.png>
[1

 <D:/InformeLaboratorioNro5_BDII/Imagenes/1.png> <D:/InformeLaboratorioNro5_BDI
I/Imagenes/2.png> <D:/InformeLaboratorioNro5_BDII/Imagenes/3.png>]
<./Imagenes/4.png, id=22, 511.9125pt x 196.48407pt>
File: ./Imagenes/4.png Graphic file (type png)
 <use ./Imagenes/4.png>
<./Imagenes/5.png, id=23, 229.60782pt x 359.84438pt>
File: ./Imagenes/5.png Graphic file (type png)
 <use ./Imagenes/5.png>
[2 <D:/InformeLaboratorioNro5_BDII/Imagenes/4.png> <D:/InformeLaboratorioNro5_B
DII/Imagenes/5.png>] <./Imagenes/6.png, id=29, 271.76532pt x 201.00093pt>
File: ./Imagenes/6.png Graphic file (type png)

<use ./Imagenes/6.png> <./Imagenes/7.png, id=30, 292.84406pt x 221.32687pt>
File: ./Imagenes/7.png Graphic file (type png)

<use ./Imagenes/7.png> <./Imagenes/8.png, id=31, 157.33781pt x 190.46156pt>
File: ./Imagenes/8.png Graphic file (type png)

<use ./Imagenes/8.png> [3 <D:/InformeLaboratorioNro5_BDII/Imagenes/6.png> <D:/I
nformeLaboratorioNro5_BDII/Imagenes/7.png> <D:/InformeLaboratorioNro5_BDII/Imag
enes/8.png>] <./Imagenes/9.png, id=38, 426.09187pt x 216.81pt>
File: ./Imagenes/9.png Graphic file (type png)

<use ./Imagenes/9.png> <./Imagenes/10.png, id=39, 385.44pt x 366.61969pt>
File: ./Imagenes/10.png Graphic file (type png)

<use ./Imagenes/10.png> [4 <D:/InformeLaboratorioNro5_BDII/Imagenes/9.png> <D:/
InformeLaboratorioNro5_BDII/Imagenes/10.png>]
<./Imagenes/11.png, id=45, 385.44pt x 189.70876pt>
File: ./Imagenes/11.png Graphic file (type png)
 <use ./Imagenes/11.png>
<./Imagenes/12.png, id=46, 383.93437pt x 171.64125pt>
File: ./Imagenes/12.png Graphic file (type png)
 <use ./Imagenes/12.png>
<./Imagenes/13.png, id=47, 382.42876pt x 363.60844pt>
File: ./Imagenes/13.png Graphic file (type png)
 <use ./Imagenes/13.png>
[5 <D:/InformeLaboratorioNro5_BDII/Imagenes/11.png> <D:/InformeLaboratorioNro5_
BDII/Imagenes/12.png>]) [6 <D:/InformeLaboratorioNro5_BDII/Imagenes/13.png>]
(D:\InformeLaboratorioNro5_BDII\Secciones/Actividad02.tex
<./Imagenes/14.png, id=58, 383.93437pt x 112.92188pt>
File: ./Imagenes/14.png Graphic file (type png)
 <use ./Imagenes/14.png>
<./Imagenes/15.png, id=59, 359.09157pt x 280.79906pt>
File: ./Imagenes/15.png Graphic file (type png)
 <use ./Imagenes/15.png>
[7


 <D:/InformeLaboratorioNro5_BDII/Imagenes/14.png> <D:/InformeLaboratorioNro5_BD
II/Imagenes/15.png>] <./Imagenes/16.png, id=65, 359.09157pt x 280.79906pt>
File: ./Imagenes/16.png Graphic file (type png)

<use ./Imagenes/16.png> <./Imagenes/17.png, id=66, 359.09157pt x 279.29344pt>
File: ./Imagenes/17.png Graphic file (type png)

<use ./Imagenes/17.png> [8 <D:/InformeLaboratorioNro5_BDII/Imagenes/16.png> <D:
/InformeLaboratorioNro5_BDII/Imagenes/17.png>]
<./Imagenes/18.png, id=72, 359.09157pt x 279.29344pt>
File: ./Imagenes/18.png Graphic file (type png)
 <use ./Imagenes/18.png>
<./Imagenes/19.png, id=73, 325.96782pt x 257.46187pt>
File: ./Imagenes/19.png Graphic file (type png)
 <use ./Imagenes/19.png>
[9 <D:/InformeLaboratorioNro5_BDII/Imagenes/18.png> <D:/InformeLaboratorioNro5_
BDII/Imagenes/19.png>] <./Imagenes/20.png, id=79, 325.96782pt x 252.945pt>
File: ./Imagenes/20.png Graphic file (type png)

<use ./Imagenes/20.png> <./Imagenes/21.png, id=80, 323.70938pt x 260.47313pt>
File: ./Imagenes/21.png Graphic file (type png)

<use ./Imagenes/21.png> [10 <D:/InformeLaboratorioNro5_BDII/Imagenes/20.png> <D
:/InformeLaboratorioNro5_BDII/Imagenes/21.png>]
<./Imagenes/22.png, id=86, 382.42876pt x 116.68594pt>
File: ./Imagenes/22.png Graphic file (type png)
 <use ./Imagenes/22.png>
<./Imagenes/23.png, id=87, 383.18156pt x 294.34969pt>
File: ./Imagenes/23.png Graphic file (type png)
 <use ./Imagenes/23.png>
[11 <D:/InformeLaboratorioNro5_BDII/Imagenes/22.png> <D:/InformeLaboratorioNro5
_BDII/Imagenes/23.png>] <./Imagenes/24.png, id=94, 384.6872pt x 362.85562pt>
File: ./Imagenes/24.png Graphic file (type png)

<use ./Imagenes/24.png> <./Imagenes/25.png, id=95, 384.6872pt x 209.28188pt>
File: ./Imagenes/25.png Graphic file (type png)

<use ./Imagenes/25.png> [12 <D:/InformeLaboratorioNro5_BDII/Imagenes/24.png> <D
:/InformeLaboratorioNro5_BDII/Imagenes/25.png>]
<./Imagenes/26.png, id=101, 383.18156pt x 241.65282pt>
File: ./Imagenes/26.png Graphic file (type png)
 <use ./Imagenes/26.png>) [13 <D:/InformeLaboratorioNro5_BDII/Imagenes/26.png>]

(D:\InformeLaboratorioNro5_BDII\Secciones/Actividad03.tex
<./Imagenes/27.png, id=106, 383.18156pt x 241.65282pt>
File: ./Imagenes/27.png Graphic file (type png)
 <use ./Imagenes/27.png>
<./Imagenes/28.png, id=107, 368.87813pt x 236.38312pt>
File: ./Imagenes/28.png Graphic file (type png)
 <use ./Imagenes/28.png>
[14


 <D:/InformeLaboratorioNro5_BDII/Imagenes/27.png> <D:/InformeLaboratorioNro5_BD
II/Imagenes/28.png>] <./Imagenes/29.png, id=113, 368.87813pt x 236.38312pt>
File: ./Imagenes/29.png Graphic file (type png)

<use ./Imagenes/29.png> <./Imagenes/30.png, id=114, 385.44pt x 234.8775pt>
File: ./Imagenes/30.png Graphic file (type png)

<use ./Imagenes/30.png> [15 <D:/InformeLaboratorioNro5_BDII/Imagenes/29.png> <D
:/InformeLaboratorioNro5_BDII/Imagenes/30.png>]
<./Imagenes/31.png, id=121, 222.8325pt x 73.77562pt>
File: ./Imagenes/31.png Graphic file (type png)
 <use ./Imagenes/31.png>
<./Imagenes/32.png, id=122, 386.94562pt x 119.69719pt>
File: ./Imagenes/32.png Graphic file (type png)
 <use ./Imagenes/32.png>
<./Imagenes/33.png, id=123, 352.31625pt x 140.77594pt>
File: ./Imagenes/33.png Graphic file (type png)
 <use ./Imagenes/33.png>
[16 <D:/InformeLaboratorioNro5_BDII/Imagenes/31.png> <D:/InformeLaboratorioNro5
_BDII/Imagenes/32.png> <D:/InformeLaboratorioNro5_BDII/Imagenes/33.png>]
<./Imagenes/34.png, id=130, 228.10219pt x 257.46187pt>
File: ./Imagenes/34.png Graphic file (type png)
 <use ./Imagenes/34.png>
<./Imagenes/35.png, id=131, 385.44pt x 127.97812pt>
File: ./Imagenes/35.png Graphic file (type png)
 <use ./Imagenes/35.png>
Overfull \hbox (11.6656pt too wide) in paragraph at lines 70--71
 [] 
 []

[17 <D:/InformeLaboratorioNro5_BDII/Imagenes/34.png> <D:/InformeLaboratorioNro5
_BDII/Imagenes/35.png>] <./Imagenes/36.png, id=138, 224.33812pt x 188.95593pt>
File: ./Imagenes/36.png Graphic file (type png)

<use ./Imagenes/36.png> <./Imagenes/37.png, id=139, 224.33812pt x 188.95593pt>
File: ./Imagenes/37.png Graphic file (type png)

<use ./Imagenes/37.png> [18 <D:/InformeLaboratorioNro5_BDII/Imagenes/36.png> <D
:/InformeLaboratorioNro5_BDII/Imagenes/37.png>]
<./Imagenes/38.png, id=145, 263.48438pt x 338.01282pt>
File: ./Imagenes/38.png Graphic file (type png)
 <use ./Imagenes/38.png>
<./Imagenes/39.png, id=146, 222.07968pt x 127.22531pt>
File: ./Imagenes/39.png Graphic file (type png)
 <use ./Imagenes/39.png>
[19 <D:/InformeLaboratorioNro5_BDII/Imagenes/38.png> <D:/InformeLaboratorioNro5
_BDII/Imagenes/39.png>] <./Imagenes/40.png, id=152, 362.10281pt x 97.11281pt>
File: ./Imagenes/40.png Graphic file (type png)

<use ./Imagenes/40.png> <./Imagenes/41.png, id=153, 362.10281pt x 97.11281pt>
File: ./Imagenes/41.png Graphic file (type png)

<use ./Imagenes/41.png> <./Imagenes/42.png, id=154, 362.10281pt x 97.11281pt>
File: ./Imagenes/42.png Graphic file (type png)

<use ./Imagenes/42.png> [20 <D:/InformeLaboratorioNro5_BDII/Imagenes/40.png> <D
:/InformeLaboratorioNro5_BDII/Imagenes/41.png> <D:/InformeLaboratorioNro5_BDII/
Imagenes/42.png>] <./Imagenes/43.png, id=161, 869.49844pt x 312.41719pt>
File: ./Imagenes/43.png Graphic file (type png)

<use ./Imagenes/43.png> <./Imagenes/44.png, id=162, 870.25125pt x 542.77782pt>
File: ./Imagenes/44.png Graphic file (type png)

<use ./Imagenes/44.png> <./Imagenes/45.png, id=163, 871.00406pt x 241.65282pt>
File: ./Imagenes/45.png Graphic file (type png)

<use ./Imagenes/45.png> [21 <D:/InformeLaboratorioNro5_BDII/Imagenes/43.png> <D
:/InformeLaboratorioNro5_BDII/Imagenes/44.png> <D:/InformeLaboratorioNro5_BDII/
Imagenes/45.png>] <./Imagenes/46.png, id=170, 869.49844pt x 517.935pt>
File: ./Imagenes/46.png Graphic file (type png)

<use ./Imagenes/46.png> <./Imagenes/47.png, id=171, 426.8748pt x 135.3858pt>
File: ./Imagenes/47.png Graphic file (type png)

<use ./Imagenes/47.png> <./Imagenes/48.png, id=172, 871.00406pt x 491.58656pt>
File: ./Imagenes/48.png Graphic file (type png)

<use ./Imagenes/48.png> [22 <D:/InformeLaboratorioNro5_BDII/Imagenes/46.png> <D
:/InformeLaboratorioNro5_BDII/Imagenes/47.png> <D:/InformeLaboratorioNro5_BDII/
Imagenes/48.png>] <./Imagenes/49.png, id=179, 870.25125pt x 469.755pt>
File: ./Imagenes/49.png Graphic file (type png)

<use ./Imagenes/49.png>
File: ./Imagenes/49.png Graphic file (type png)
 <use ./Imagenes/49.png> [23 <D:/InformeLaboratorioNro5_BDII/Imagenes/49.png>] 
<./Imagenes/50.png, id=185, 426.8748pt x 128.1588pt>
File: ./Imagenes/50.png Graphic file (type png)

<use ./Imagenes/50.png> <./Imagenes/51.png, id=186, 870.25125pt x 417.05812pt>
File: ./Imagenes/51.png Graphic file (type png)

<use ./Imagenes/51.png> <./Imagenes/52.png, id=187, 870.25125pt x 264.23718pt>
File: ./Imagenes/52.png Graphic file (type png)

<use ./Imagenes/52.png> [24 <D:/InformeLaboratorioNro5_BDII/Imagenes/50.png> <D
:/InformeLaboratorioNro5_BDII/Imagenes/51.png> <D:/InformeLaboratorioNro5_BDII/
Imagenes/52.png>] <./Imagenes/53.png, id=194, 201.3924pt x 158.5122pt>
File: ./Imagenes/53.png Graphic file (type png)

<use ./Imagenes/53.png> <./Imagenes/54.png, id=195, 426.8748pt x 259.2084pt>
File: ./Imagenes/54.png Graphic file (type png)

<use ./Imagenes/54.png> [25 <D:/InformeLaboratorioNro5_BDII/Imagenes/53.png> <D
:/InformeLaboratorioNro5_BDII/Imagenes/54.png>]
<./Imagenes/55.png, id=201, 559.33969pt x 362.85562pt>
File: ./Imagenes/55.png Graphic file (type png)
 <use ./Imagenes/55.png>
<./Imagenes/56.png, id=202, 557.83406pt x 376.40625pt>
File: ./Imagenes/56.png Graphic file (type png)
 <use ./Imagenes/56.png>) [26 <D:/InformeLaboratorioNro5_BDII/Imagenes/55.png> 
<D:/InformeLaboratorioNro5_BDII/Imagenes/56.png>]
(D:\InformeLaboratorioNro5_BDII\Secciones/Actividad04.tex
<./Imagenes/57.png, id=206, 870.25125pt x 523.20468pt>
File: ./Imagenes/57.png Graphic file (type png)
 <use ./Imagenes/57.png>
<./Imagenes/58.png, id=207, 870.25125pt x 523.20468pt>
File: ./Imagenes/58.png Graphic file (type png)
 <use ./Imagenes/58.png>
[27


 <D:/InformeLaboratorioNro5_BDII/Imagenes/57.png> <D:/InformeLaboratorioNro5_BD
II/Imagenes/58.png>] <./Imagenes/59.png, id=213, 871.00406pt x 526.96875pt>
File: ./Imagenes/59.png Graphic file (type png)

<use ./Imagenes/59.png> <./Imagenes/60.png, id=214, 867.24pt x 650.43pt>
File: ./Imagenes/60.png Graphic file (type png)

<use ./Imagenes/60.png> [28 <D:/InformeLaboratorioNro5_BDII/Imagenes/59.png> <D
:/InformeLaboratorioNro5_BDII/Imagenes/60.png>]
<./Imagenes/61.png, id=219, 867.24pt x 650.43pt>
File: ./Imagenes/61.png Graphic file (type png)
 <use ./Imagenes/61.png>
<./Imagenes/62.png, id=220, 870.25125pt x 523.20468pt>
File: ./Imagenes/62.png Graphic file (type png)
 <use ./Imagenes/62.png>
[29 <D:/InformeLaboratorioNro5_BDII/Imagenes/61.png> <D:/InformeLaboratorioNro5
_BDII/Imagenes/62.png>] <./Imagenes/63.png, id=226, 868.74562pt x 459.96844pt>
File: ./Imagenes/63.png Graphic file (type png)

<use ./Imagenes/63.png> <./Imagenes/64.png, id=227, 867.24pt x 650.43pt>
File: ./Imagenes/64.png Graphic file (type png)

<use ./Imagenes/64.png> [30 <D:/InformeLaboratorioNro5_BDII/Imagenes/63.png> <D
:/InformeLaboratorioNro5_BDII/Imagenes/64.png>]
<./Imagenes/65.png, id=232, 867.24pt x 650.43pt>
File: ./Imagenes/65.png Graphic file (type png)
 <use ./Imagenes/65.png>
<./Imagenes/66.png, id=233, 870.25125pt x 523.20468pt>
File: ./Imagenes/66.png Graphic file (type png)
 <use ./Imagenes/66.png>
[31 <D:/InformeLaboratorioNro5_BDII/Imagenes/65.png> <D:/InformeLaboratorioNro5
_BDII/Imagenes/66.png>] <./Imagenes/67.png, id=238, 559.33969pt x 365.11406pt>
File: ./Imagenes/67.png Graphic file (type png)

<use ./Imagenes/67.png> <./Imagenes/68.png, id=239, 557.08125pt x 368.1253pt>
File: ./Imagenes/68.png Graphic file (type png)

<use ./Imagenes/68.png> [32 <D:/InformeLaboratorioNro5_BDII/Imagenes/67.png> <D
:/InformeLaboratorioNro5_BDII/Imagenes/68.png>]
<./Imagenes/69.png, id=243, 558.58687pt x 368.87813pt>
File: ./Imagenes/69.png Graphic file (type png)
 <use ./Imagenes/69.png>
<./Imagenes/70.png, id=244, 557.83406pt x 408.77719pt>
File: ./Imagenes/70.png Graphic file (type png)
 <use ./Imagenes/70.png>
[33 <D:/InformeLaboratorioNro5_BDII/Imagenes/69.png> <D:/InformeLaboratorioNro5
_BDII/Imagenes/70.png>] <./Imagenes/71.png, id=248, 558.58687pt x 405.76593pt>
File: ./Imagenes/71.png Graphic file (type png)

<use ./Imagenes/71.png> <./Imagenes/72.png, id=249, 558.58687pt x 409.53pt>
File: ./Imagenes/72.png Graphic file (type png)

<use ./Imagenes/72.png> [34 <D:/InformeLaboratorioNro5_BDII/Imagenes/71.png> <D
:/InformeLaboratorioNro5_BDII/Imagenes/72.png>]
<./Imagenes/73.png, id=253, 556.32843pt x 406.51875pt>
File: ./Imagenes/73.png Graphic file (type png)
 <use ./Imagenes/73.png>
<./Imagenes/74.png, id=254, 560.0925pt x 405.01312pt>
File: ./Imagenes/74.png Graphic file (type png)
 <use ./Imagenes/74.png>
[35 <D:/InformeLaboratorioNro5_BDII/Imagenes/73.png> <D:/InformeLaboratorioNro5
_BDII/Imagenes/74.png>] <./Imagenes/75.png, id=259, 560.0925pt x 408.02437pt>
File: ./Imagenes/75.png Graphic file (type png)

<use ./Imagenes/75.png> <./Imagenes/76.png, id=260, 559.33969pt x 406.51875pt>
File: ./Imagenes/76.png Graphic file (type png)

<use ./Imagenes/76.png> [36 <D:/InformeLaboratorioNro5_BDII/Imagenes/75.png>]
<./Imagenes/77.png, id=264, 558.58687pt x 408.77719pt>
File: ./Imagenes/77.png Graphic file (type png)
 <use ./Imagenes/77.png>
[37 <D:/InformeLaboratorioNro5_BDII/Imagenes/76.png> <D:/InformeLaboratorioNro5
_BDII/Imagenes/77.png>] <./Imagenes/78.png, id=268, 560.0925pt x 406.51875pt>
File: ./Imagenes/78.png Graphic file (type png)

<use ./Imagenes/78.png> <./Imagenes/79.png, id=269, 556.32843pt x 405.76593pt>
File: ./Imagenes/79.png Graphic file (type png)

<use ./Imagenes/79.png> [38 <D:/InformeLaboratorioNro5_BDII/Imagenes/78.png>]
<./Imagenes/80.png, id=273, 560.0925pt x 409.53pt>
File: ./Imagenes/80.png Graphic file (type png)
 <use ./Imagenes/80.png>
[39 <D:/InformeLaboratorioNro5_BDII/Imagenes/79.png> <D:/InformeLaboratorioNro5
_BDII/Imagenes/80.png>] <./Imagenes/81.png, id=277, 557.83406pt x 402.00188pt>
File: ./Imagenes/81.png Graphic file (type png)

<use ./Imagenes/81.png> <./Imagenes/82.png, id=278, 557.08125pt x 405.01312pt>
File: ./Imagenes/82.png Graphic file (type png)

<use ./Imagenes/82.png> [40 <D:/InformeLaboratorioNro5_BDII/Imagenes/81.png>]
<./Imagenes/83.png, id=282, 555.57562pt x 397.485pt>
File: ./Imagenes/83.png Graphic file (type png)
 <use ./Imagenes/83.png>
[41 <D:/InformeLaboratorioNro5_BDII/Imagenes/82.png> <D:/InformeLaboratorioNro5
_BDII/Imagenes/83.png>] <./Imagenes/84.png, id=287, 560.0925pt x 408.77719pt>
File: ./Imagenes/84.png Graphic file (type png)

<use ./Imagenes/84.png> <./Imagenes/85.png, id=288, 557.08125pt x 408.02437pt>
File: ./Imagenes/85.png Graphic file (type png)

<use ./Imagenes/85.png> [42 <D:/InformeLaboratorioNro5_BDII/Imagenes/84.png>]
<./Imagenes/86.png, id=292, 500.62032pt x 492.33937pt>
File: ./Imagenes/86.png Graphic file (type png)
 <use ./Imagenes/86.png>
[43 <D:/InformeLaboratorioNro5_BDII/Imagenes/85.png>]
<./Imagenes/87.png, id=296, 604.50844pt x 455.45157pt>
File: ./Imagenes/87.png Graphic file (type png)
 <use ./Imagenes/87.png>
[44 <D:/InformeLaboratorioNro5_BDII/Imagenes/86.png>]
<./Imagenes/91.png, id=301, 659.46375pt x 442.65375pt>
File: ./Imagenes/91.png Graphic file (type png)
 <use ./Imagenes/91.png>
[45 <D:/InformeLaboratorioNro5_BDII/Imagenes/87.png>]
<./Imagenes/88.png, id=306, 582.67688pt x 505.89pt>
File: ./Imagenes/88.png Graphic file (type png)
 <use ./Imagenes/88.png>
[46 <D:/InformeLaboratorioNro5_BDII/Imagenes/91.png>]
<./Imagenes/89.png, id=311, 585.68813pt x 503.63156pt>
File: ./Imagenes/89.png Graphic file (type png)
 <use ./Imagenes/89.png>
[47 <D:/InformeLaboratorioNro5_BDII/Imagenes/88.png>]
<./Imagenes/90.png, id=317, 383.18156pt x 385.44pt>
File: ./Imagenes/90.png Graphic file (type png)
 <use ./Imagenes/90.png>
[48 <D:/InformeLaboratorioNro5_BDII/Imagenes/89.png>]
<./Imagenes/92.png, id=322, 662.475pt x 445.665pt>
File: ./Imagenes/92.png Graphic file (type png)
 <use ./Imagenes/92.png>
<./Imagenes/93.png, id=323, 774.64406pt x 534.49687pt>
File: ./Imagenes/93.png Graphic file (type png)
 <use ./Imagenes/93.png>
[49 <D:/InformeLaboratorioNro5_BDII/Imagenes/90.png> <D:/InformeLaboratorioNro5
_BDII/Imagenes/92.png>] <./Imagenes/94.png, id=329, 496.85625pt x 402.00188pt>
File: ./Imagenes/94.png Graphic file (type png)

<use ./Imagenes/94.png>) [50 <D:/InformeLaboratorioNro5_BDII/Imagenes/93.png> <
D:/InformeLaboratorioNro5_BDII/Imagenes/94.png>]
(D:\InformeLaboratorioNro5_BDII\Secciones/Actividad05.tex
<./Imagenes/1-C.png, id=335, 149.05687pt x 45.16875pt>
File: ./Imagenes/1-C.png Graphic file (type png)

<use ./Imagenes/1-C.png>
<./Imagenes/2-C.png, id=336, 386.94562pt x 31.61812pt>
File: ./Imagenes/2-C.png Graphic file (type png)

<use ./Imagenes/2-C.png> <./Imagenes/3-C.png, id=337, 86.57344pt x 34.62938pt>
File: ./Imagenes/3-C.png Graphic file (type png)

<use ./Imagenes/3-C.png> [51


 <D:/InformeLaboratorioNro5_BDII/Imagenes/1-C.png> <D:/InformeLaboratorioNro5_B
DII/Imagenes/2-C.png> <D:/InformeLaboratorioNro5_BDII/Imagenes/3-C.png>]
Underfull \hbox (badness 10000) in paragraph at lines 37--38

 []


Underfull \hbox (badness 10000) in paragraph at lines 39--43

 []

<./Imagenes/fsFileE1.png, id=343, 299.61937pt x 31.61812pt>
File: ./Imagenes/fsFileE1.png Graphic file (type png)

<use ./Imagenes/fsFileE1.png>
<./Imagenes/fsFileE2.png, id=344, 275.52937pt x 47.42719pt>
File: ./Imagenes/fsFileE2.png Graphic file (type png)

<use ./Imagenes/fsFileE2.png>
<./Imagenes/fsFileE3.png, id=345, 301.8778pt x 45.92157pt>
File: ./Imagenes/fsFileE3.png Graphic file (type png)

<use ./Imagenes/fsFileE3.png>
Underfull \hbox (badness 10000) in paragraph at lines 54--58

 []


Underfull \hbox (badness 10000) in paragraph at lines 54--58

 []


Underfull \hbox (badness 10000) in paragraph at lines 54--58

 []

LaTeX Font Info:    Try loading font information for OMS+cmr on input line 64.
("C:\Program Files (x86)\MiKTeX 2.9\tex\latex\base\omscmr.fd"
File: omscmr.fd 1999/05/25 v2.5h Standard LaTeX font definitions
)
LaTeX Font Info:    Font shape `OMS/cmr/m/n' in size <12> not available
(Font)              Font shape `OMS/cmsy/m/n' tried instead on input line 64.

Underfull \hbox (badness 10000) in paragraph at lines 59--69

 []


Underfull \hbox (badness 10000) in paragraph at lines 59--69

 []


Underfull \hbox (badness 10000) in paragraph at lines 59--69

 []


Underfull \hbox (badness 10000) in paragraph at lines 59--69

 []


Underfull \hbox (badness 10000) in paragraph at lines 59--69

 []

[52 <D:/InformeLaboratorioNro5_BDII/Imagenes/fsFileE1.png> <D:/InformeLaborator
ioNro5_BDII/Imagenes/fsFileE2.png> <D:/InformeLaboratorioNro5_BDII/Imagenes/fsF
ileE3.png>]
Underfull \hbox (badness 10000) in paragraph at lines 70--75

 []


Underfull \hbox (badness 10000) in paragraph at lines 70--75

 []


Underfull \hbox (badness 10000) in paragraph at lines 70--75

 []

<./Imagenes/c.png, id=352, 584.1825pt x 55.70813pt>
File: ./Imagenes/c.png Graphic file (type png)
 <use ./Imagenes/c.png>
Underfull \hbox (badness 10000) in paragraph at lines 79--84

 []


Underfull \hbox (badness 10000) in paragraph at lines 79--84

 []


Underfull \hbox (badness 10000) in paragraph at lines 79--84

 []

<./Imagenes/t.png, id=353, 528.47438pt x 94.85437pt>
File: ./Imagenes/t.png Graphic file (type png)
 <use ./Imagenes/t.png>
Underfull \hbox (badness 10000) in paragraph at lines 88--95

 []


Underfull \hbox (badness 10000) in paragraph at lines 88--95

 []


Underfull \hbox (badness 10000) in paragraph at lines 88--95

 []


Underfull \hbox (badness 10000) in paragraph at lines 88--95

 []


Underfull \hbox (badness 10000) in paragraph at lines 88--95

 []

<./Imagenes/s.png, id=354, 632.3625pt x 92.59593pt>
File: ./Imagenes/s.png Graphic file (type png)
 <use ./Imagenes/s.png>
[53 <D:/InformeLaboratorioNro5_BDII/Imagenes/c.png> <D:/InformeLaboratorioNro5_
BDII/Imagenes/t.png>]
Underfull \hbox (badness 10000) in paragraph at lines 100--104

 []


Underfull \hbox (badness 10000) in paragraph at lines 100--104

 []


Underfull \hbox (badness 10000) in paragraph at lines 105--114

 []


Underfull \hbox (badness 10000) in paragraph at lines 105--114

 []


Underfull \hbox (badness 10000) in paragraph at lines 105--114

 []


Overfull \hbox (5.55742pt too wide) in paragraph at lines 105--114
\OT1/cmr/m/n/12 Puede ver que en Ubun-tu 15.04 (3.18.0-13-generic) el va-lor pr
e-de-ter-mi-na-do pa-ra net.core.wmem[]max
 []


Underfull \hbox (badness 10000) in paragraph at lines 105--114

 []


Underfull \hbox (badness 10000) in paragraph at lines 105--114

 []

<./Imagenes/p.png, id=362, 550.30594pt x 101.62968pt>
File: ./Imagenes/p.png Graphic file (type png)
 <use ./Imagenes/p.png>
<./Imagenes/users-oracle.png, id=363, 355.3275pt x 143.03438pt>
File: ./Imagenes/users-oracle.png Graphic file (type png)

<use ./Imagenes/users-oracle.png>
File: ./Imagenes/94.png Graphic file (type png)
 <use ./Imagenes/94.png> [54 <D:/InformeLaboratorioNro5_BDII/Imagenes/s.png> <D
:/InformeLaboratorioNro5_BDII/Imagenes/p.png> <D:/InformeLaboratorioNro5_BDII/I
magenes/users-oracle.png>]
Underfull \hbox (badness 10000) in paragraph at lines 132--135

 []


Underfull \hbox (badness 10000) in paragraph at lines 132--135

 []


Underfull \hbox (badness 10000) in paragraph at lines 132--135

 []

File: ./Imagenes/91.png Graphic file (type png)
<use ./Imagenes/91.png> [55]
File: ./Imagenes/88.png Graphic file (type png)
 <use ./Imagenes/88.png> [56]
File: ./Imagenes/89.png Graphic file (type png)

<use ./Imagenes/89.png> [57]
File: ./Imagenes/90.png Graphic file (type png)
 <use ./Imagenes/90.png> [58]
File: ./Imagenes/92.png Graphic file (type png)

<use ./Imagenes/92.png>
File: ./Imagenes/93.png Graphic file (type png)
 <use ./Imagenes/93.png> [59]
File: ./Imagenes/94.png Graphic file (type png)
 <use ./Imagenes/94.png>)
[60] (D:\InformeLaboratorioNro5_BDII\Informe.aux
(D:\InformeLaboratorioNro5_BDII\Secciones/Actividad01.aux)
(D:\InformeLaboratorioNro5_BDII\Secciones/Actividad02.aux)
(D:\InformeLaboratorioNro5_BDII\Secciones/Actividad03.aux)
(D:\InformeLaboratorioNro5_BDII\Secciones/Actividad04.aux)
(D:\InformeLaboratorioNro5_BDII\Secciones/Actividad05.aux)) ) 
Here is how much of TeX's memory you used:
 3430 strings out of 494019
 48855 string characters out of 3143875
 109009 words of memory out of 3000000
 6532 multiletter control sequences out of 15000+200000
 8568 words of font info for 31 fonts, out of 3000000 for 9000
 714 hyphenation exceptions out of 8191
 27i,5n,27p,577b,360s stack positions out of 5000i,500n,10000p,200000b,50000s
<C:/Program Files 
(x86)/MiKTeX 2.9/fonts/type1/public/amsfonts/cm/cmbx12.pfb><C:/Program Files (x
86)/MiKTeX 2.9/fonts/type1/public/amsfonts/cm/cmr12.pfb><C:/Program Files (x86)
/MiKTeX 2.9/fonts/type1/public/amsfonts/cm/cmr8.pfb><C:/Program Files (x86)/MiK
TeX 2.9/fonts/type1/public/amsfonts/cm/cmsy10.pfb>
Output written on Informe.pdf (62 pages, 11868540 bytes).
PDF statistics:
 405 PDF objects out of 1000 (max. 8388607)
 0 named destinations out of 1000 (max. 500000)
 531 words of extra memory for PDF output out of 10000 (max. 10000000)

